
****** PlanAhead v14.7
  **** Build 321239 by xbuild on Fri Sep 27 19:24:55 MDT 2013
    ** Copyright 1986-1999, 2001-2013 Xilinx, Inc. All Rights Reserved.

INFO: [Common 17-78] Attempting to get a license: PlanAhead
INFO: [Common 17-290] Got license for PlanAhead
INFO: [Device 21-36] Loading parts and site information from /opt/Xilinx/14.7/ISE_DS/PlanAhead/data/parts/arch.xml
Parsing RTL primitives file [/opt/Xilinx/14.7/ISE_DS/PlanAhead/data/parts/xilinx/rtl/prims/rtl_prims.xml]
Finished parsing RTL primitives file [/opt/Xilinx/14.7/ISE_DS/PlanAhead/data/parts/xilinx/rtl/prims/rtl_prims.xml]
start_gui
source /home/bee/FinalProject/github/PhotoLite-Brite-X/ise4/ledDriver_LedStrip/pa.fromNetlist.tcl
# create_project -name ledDriver_LedStrip -dir "/home/bee/FinalProject/github/PhotoLite-Brite-X/ise4/ledDriver_LedStrip/planAhead_run_3" -part xc6slx16csg324-3
# set_property design_mode GateLvl [get_property srcset [current_run -impl]]
# set_property edif_top_file "/home/bee/FinalProject/github/PhotoLite-Brite-X/ise4/ledDriver_LedStrip/ledDriver_LedStrip_top.ngc" [ get_property srcset [ current_run ] ]
# add_files -norecurse { {/home/bee/FinalProject/github/PhotoLite-Brite-X/ise4/ledDriver_LedStrip} }
# set_param project.pinAheadLayout  yes
# set_property target_constrs_file "ledDriver_LedStrip_top.ucf" [current_fileset -constrset]
Adding file '/home/bee/FinalProject/github/PhotoLite-Brite-X/ise4/ledDriver_LedStrip/ledDriver_LedStrip_top.ucf' to fileset 'constrs_1'
# add_files [list {ledDriver_LedStrip_top.ucf}] -fileset [get_property constrset [current_run]]
# link_design
Design is defaulting to srcset: sources_1
Design is defaulting to constrset: constrs_1
Design is defaulting to project part: xc6slx16csg324-3
Release 14.7 - ngc2edif P.20131013 (lin)
Copyright (c) 1995-2013 Xilinx, Inc.  All rights reserved.

Release 14.7 - ngc2edif P.20131013 (lin)
Copyright (c) 1995-2013 Xilinx, Inc.  All rights reserved.
Reading design ledDriver_LedStrip_top.ngc ...
WARNING:NetListWriters:298 - No output is written to
   ledDriver_LedStrip_top.xncf, ignored.
Processing design ...
   Preping design's networks ...
   Preping design's macros ...
  finished :Prep
Writing EDIF netlist file ledDriver_LedStrip_top.edif ...
ngc2edif: Total memory usage is 31016 kilobytes

Parsing EDIF File [./planAhead_run_3/ledDriver_LedStrip.data/cache/ledDriver_LedStrip_top_ngc_2dc52439.edif]
Finished Parsing EDIF File [./planAhead_run_3/ledDriver_LedStrip.data/cache/ledDriver_LedStrip_top_ngc_2dc52439.edif]
INFO: [Netlist 29-17] Analyzing 1 Unisim elements for replacement
INFO: [Netlist 29-28] Unisim Transformation completed in 0 CPU seconds
Loading clock regions from /opt/Xilinx/14.7/ISE_DS/PlanAhead/data/parts/xilinx/spartan6/spartan6lx/xc6slx16/ClockRegion.xml
Loading clock buffers from /opt/Xilinx/14.7/ISE_DS/PlanAhead/data/parts/xilinx/spartan6/spartan6lx/xc6slx16/ClockBuffers.xml
Loading package pin functions from /opt/Xilinx/14.7/ISE_DS/PlanAhead/data/parts/xilinx/spartan6/PinFunctions.xml...
Loading package from /opt/Xilinx/14.7/ISE_DS/PlanAhead/data/parts/xilinx/spartan6/spartan6lx/xc6slx16/csg324/Package.xml
Loading io standards from /opt/Xilinx/14.7/ISE_DS/PlanAhead/data/./parts/xilinx/spartan6/IOStandards.xml
Loading device configuration modes from /opt/Xilinx/14.7/ISE_DS/PlanAhead/data/parts/xilinx/spartan6/ConfigModes.xml
Loading list of drcs for the architecture : /opt/Xilinx/14.7/ISE_DS/PlanAhead/data/./parts/xilinx/spartan6/drc.xml
Parsing UCF File [/home/bee/FinalProject/github/PhotoLite-Brite-X/ise4/ledDriver_LedStrip/ledDriver_LedStrip_top.ucf]
Finished Parsing UCF File [/home/bee/FinalProject/github/PhotoLite-Brite-X/ise4/ledDriver_LedStrip/ledDriver_LedStrip_top.ucf]
INFO: [Project 1-111] Unisim Transformation Summary:
  A total of 1 instances were transformed.
  BUFGP => BUFGP (IBUF, BUFG): 1 instances

Phase 0 | Netlist Checksum: 4e76c9bf
link_design: Time (s): cpu = 00:00:25 ; elapsed = 00:00:15 . Memory (MB): peak = 1157.918 ; gain = 95.113
set_property is_loc_fixed false [get_ports [list  C_out]]
set_property is_loc_fixed true [get_ports [list  C_out]]
exit
ERROR: [Common 17-39] 'stop_gui' failed due to earlier errors.
INFO: [Common 17-206] Exiting PlanAhead at Sat May 21 05:41:13 2016...
INFO: [Common 17-83] Releasing license: PlanAhead
