Running: /opt/Xilinx/14.7/ISE_DS/ISE/bin/lin/unwrapped/fuse -relaunch -intstyle "ise" -incremental -lib "secureip" -o "/home/bee/FinalProject/github/PhotoLite-Brite-X/ise4/ledDriver_LedStrip/ledDriver_LedStrip_Top_tb_isim_beh.exe" -prj "/home/bee/FinalProject/github/PhotoLite-Brite-X/ise4/ledDriver_LedStrip/ledDriver_LedStrip_Top_tb_beh.prj" "work.ledDriver_LedStrip_Top_tb" 
ISim P.20131013 (signature 0xfbc00daa)
Number of CPUs detected in this system: 8
Turning on mult-threading, number of parallel sub-compilation jobs: 16 
Determining compilation order of HDL files
Parsing VHDL file "/home/bee/FinalProject/github/PhotoLite-Brite-X/ise4/ledDriver_LedStrip/ledDriver_LedStrip.vhd" into library work
Parsing VHDL file "/home/bee/FinalProject/github/PhotoLite-Brite-X/ise4/ledDriver_LedStrip/ledDriver_LedStrip_top.vhd" into library work
Parsing VHDL file "/home/bee/FinalProject/github/PhotoLite-Brite-X/ise4/ledDriver_LedStrip/ledDriver_LedStrip_Top_tb.vhd" into library work
Starting static elaboration
Completed static elaboration
Fuse Memory Usage: 37984 KB
Fuse CPU Usage: 1350 ms
Compiling package standard
Compiling package std_logic_1164
Compiling package std_logic_arith
Compiling package std_logic_unsigned
Compiling package numeric_std
Compiling architecture behavioral of entity ledDriver_LedStrip [\ledDriver_LedStrip(100000000)\]
Compiling architecture behavioral of entity ledDriver_LedStrip_top [\ledDriver_LedStrip_top(143)\]
Compiling architecture behavior of entity leddriver_ledstrip_top_tb
Time Resolution for simulation is 1ps.
Waiting for 1 sub-compilation(s) to finish...
Compiled 10 VHDL Units
Built simulation executable /home/bee/FinalProject/github/PhotoLite-Brite-X/ise4/ledDriver_LedStrip/ledDriver_LedStrip_Top_tb_isim_beh.exe
Fuse Memory Usage: 87584 KB
Fuse CPU Usage: 1540 ms
GCC CPU Usage: 190 ms
