Release 14.7 - xst P.20131013 (lin)
Copyright (c) 1995-2013 Xilinx, Inc.  All rights reserved.
--> 
Parameter TMPDIR set to xst/projnav.tmp


Total REAL time to Xst completion: 0.00 secs
Total CPU time to Xst completion: 0.08 secs
 
--> 
Parameter xsthdpdir set to xst


Total REAL time to Xst completion: 0.00 secs
Total CPU time to Xst completion: 0.08 secs
 
--> 
Reading design: ledDriver_LedStrip.prj

TABLE OF CONTENTS
  1) Synthesis Options Summary
  2) HDL Parsing
  3) HDL Elaboration
  4) HDL Synthesis
       4.1) HDL Synthesis Report
  5) Advanced HDL Synthesis
       5.1) Advanced HDL Synthesis Report
  6) Low Level Synthesis
  7) Partition Report
  8) Design Summary
       8.1) Primitive and Black Box Usage
       8.2) Device utilization summary
       8.3) Partition Resource Summary
       8.4) Timing Report
            8.4.1) Clock Information
            8.4.2) Asynchronous Control Signals Information
            8.4.3) Timing Summary
            8.4.4) Timing Details
            8.4.5) Cross Clock Domains Report


=========================================================================
*                      Synthesis Options Summary                        *
=========================================================================
---- Source Parameters
Input File Name                    : "ledDriver_LedStrip.prj"
Ignore Synthesis Constraint File   : NO

---- Target Parameters
Output File Name                   : "ledDriver_LedStrip"
Output Format                      : NGC
Target Device                      : xc6slx16-3-csg324

---- Source Options
Top Module Name                    : ledDriver_LedStrip
Automatic FSM Extraction           : YES
FSM Encoding Algorithm             : Auto
Safe Implementation                : No
FSM Style                          : LUT
RAM Extraction                     : Yes
RAM Style                          : Auto
ROM Extraction                     : Yes
Shift Register Extraction          : YES
ROM Style                          : Auto
Resource Sharing                   : YES
Asynchronous To Synchronous        : NO
Shift Register Minimum Size        : 2
Use DSP Block                      : Auto
Automatic Register Balancing       : No

---- Target Options
LUT Combining                      : Auto
Reduce Control Sets                : Auto
Add IO Buffers                     : YES
Global Maximum Fanout              : 100000
Add Generic Clock Buffer(BUFG)     : 16
Register Duplication               : YES
Optimize Instantiated Primitives   : NO
Use Clock Enable                   : Auto
Use Synchronous Set                : Auto
Use Synchronous Reset              : Auto
Pack IO Registers into IOBs        : Auto
Equivalent register Removal        : YES

---- General Options
Optimization Goal                  : Speed
Optimization Effort                : 1
Power Reduction                    : NO
Keep Hierarchy                     : No
Netlist Hierarchy                  : As_Optimized
RTL Output                         : Yes
Global Optimization                : AllClockNets
Read Cores                         : YES
Write Timing Constraints           : NO
Cross Clock Analysis               : NO
Hierarchy Separator                : /
Bus Delimiter                      : <>
Case Specifier                     : Maintain
Slice Utilization Ratio            : 100
BRAM Utilization Ratio             : 100
DSP48 Utilization Ratio            : 100
Auto BRAM Packing                  : NO
Slice Utilization Ratio Delta      : 5

=========================================================================


=========================================================================
*                          HDL Parsing                                  *
=========================================================================
Parsing VHDL file "/home/bee/FinalProject/github/PhotoLite-Brite-X/ise4/ledDriver_LedStrip/ledDriver_LedStrip.vhd" into library work
Parsing entity <ledDriver_LedStrip>.
Parsing architecture <Behavioral> of entity <leddriver_ledstrip>.

=========================================================================
*                            HDL Elaboration                            *
=========================================================================

Elaborating entity <ledDriver_LedStrip> (architecture <Behavioral>) with generics from library <work>.
INFO:HDLCompiler:679 - "/home/bee/FinalProject/github/PhotoLite-Brite-X/ise4/ledDriver_LedStrip/ledDriver_LedStrip.vhd" Line 101. Case statement is complete. others clause is never selected
INFO:HDLCompiler:679 - "/home/bee/FinalProject/github/PhotoLite-Brite-X/ise4/ledDriver_LedStrip/ledDriver_LedStrip.vhd" Line 104. Case statement is complete. others clause is never selected
INFO:HDLCompiler:679 - "/home/bee/FinalProject/github/PhotoLite-Brite-X/ise4/ledDriver_LedStrip/ledDriver_LedStrip.vhd" Line 149. Case statement is complete. others clause is never selected

=========================================================================
*                           HDL Synthesis                               *
=========================================================================

Synthesizing Unit <ledDriver_LedStrip>.
    Related source file is "/home/bee/FinalProject/github/PhotoLite-Brite-X/ise4/ledDriver_LedStrip/ledDriver_LedStrip.vhd".
        system_clk = 100000000
    Found 1-bit register for signal <LEDS_out>.
    Found 2-bit register for signal <state_machine_next>.
    Found 32-bit register for signal <internal_counter>.
    Found 32-bit register for signal <PIXEL_counter>.
    Found 24-bit register for signal <Input_Pixel_Buffer>.
    Found 1-bit register for signal <busy_signal>.
    Found finite state machine <FSM_0> for signal <state_machine_next>.
    -----------------------------------------------------------------------
    | States             | 4                                              |
    | Transitions        | 11                                             |
    | Inputs             | 5                                              |
    | Outputs            | 3                                              |
    | Clock              | clk (rising_edge)                              |
    | Power Up State     | waiting_for_value                              |
    | Encoding           | auto                                           |
    | Implementation     | LUT                                            |
    -----------------------------------------------------------------------
    Found 32-bit adder for signal <internal_counter[31]_GND_6_o_add_15_OUT> created at line 1241.
    Found 32-bit adder for signal <PIXEL_counter[31]_GND_6_o_add_17_OUT> created at line 1241.
    Found 32-bit 4-to-1 multiplexer for signal <state_machine_state[1]_internal_counter[31]_wide_mux_24_OUT> created at line 124.
    Found 32-bit comparator lessequal for signal <GND_6_o_internal_counter[31]_LessThan_1_o> created at line 94
    Found 32-bit comparator lessequal for signal <GND_6_o_internal_counter[31]_LessThan_2_o> created at line 98
    Summary:
	inferred   2 Adder/Subtractor(s).
	inferred  90 D-type flip-flop(s).
	inferred   2 Comparator(s).
	inferred   7 Multiplexer(s).
	inferred   1 Finite State Machine(s).
Unit <ledDriver_LedStrip> synthesized.

=========================================================================
HDL Synthesis Report

Macro Statistics
# Adders/Subtractors                                   : 2
 32-bit adder                                          : 2
# Registers                                            : 5
 1-bit register                                        : 2
 24-bit register                                       : 1
 32-bit register                                       : 2
# Comparators                                          : 2
 32-bit comparator lessequal                           : 2
# Multiplexers                                         : 7
 1-bit 2-to-1 multiplexer                              : 1
 24-bit 2-to-1 multiplexer                             : 1
 32-bit 2-to-1 multiplexer                             : 4
 32-bit 4-to-1 multiplexer                             : 1
# FSMs                                                 : 1

=========================================================================

=========================================================================
*                       Advanced HDL Synthesis                          *
=========================================================================


=========================================================================
Advanced HDL Synthesis Report

Macro Statistics
# Adders/Subtractors                                   : 2
 32-bit adder                                          : 2
# Registers                                            : 90
 Flip-Flops                                            : 90
# Comparators                                          : 2
 32-bit comparator lessequal                           : 2
# Multiplexers                                         : 6
 24-bit 2-to-1 multiplexer                             : 1
 32-bit 2-to-1 multiplexer                             : 4
 32-bit 4-to-1 multiplexer                             : 1
# FSMs                                                 : 1

=========================================================================

=========================================================================
*                         Low Level Synthesis                           *
=========================================================================
Analyzing FSM <MFsm> for best encoding.
Optimizing FSM <FSM_0> on signal <state_machine_next[1:2]> with user encoding.
--------------------------------
 State              | Encoding
--------------------------------
 resetting          | 00
 waiting_for_value  | 01
 new_pixel_value    | 10
 transmitting_pixel | 11
--------------------------------

Optimizing unit <ledDriver_LedStrip> ...

Mapping all equations...
Building and optimizing final netlist ...
Found area constraint ratio of 100 (+ 5) on block ledDriver_LedStrip, actual ratio is 2.

Final Macro Processing ...

=========================================================================
Final Register Report

Macro Statistics
# Registers                                            : 92
 Flip-Flops                                            : 92

=========================================================================

=========================================================================
*                           Partition Report                            *
=========================================================================

Partition Implementation Status
-------------------------------

  No Partitions were found in this design.

-------------------------------

=========================================================================
*                            Design Summary                             *
=========================================================================

Top Level Output File Name         : ledDriver_LedStrip.ngc

Primitive and Black Box Usage:
------------------------------
# BELS                             : 331
#      GND                         : 1
#      INV                         : 2
#      LUT1                        : 62
#      LUT2                        : 2
#      LUT3                        : 39
#      LUT4                        : 2
#      LUT5                        : 69
#      LUT6                        : 15
#      MUXCY                       : 74
#      VCC                         : 1
#      XORCY                       : 64
# FlipFlops/Latches                : 92
#      FD                          : 37
#      FDE                         : 55
# Clock Buffers                    : 1
#      BUFGP                       : 1
# IO Buffers                       : 28
#      IBUF                        : 26
#      OBUF                        : 2

Device utilization summary:
---------------------------

Selected Device : 6slx16csg324-3 


Slice Logic Utilization: 
 Number of Slice Registers:              92  out of  18224     0%  
 Number of Slice LUTs:                  191  out of   9112     2%  
    Number used as Logic:               191  out of   9112     2%  

Slice Logic Distribution: 
 Number of LUT Flip Flop pairs used:    191
   Number with an unused Flip Flop:      99  out of    191    51%  
   Number with an unused LUT:             0  out of    191     0%  
   Number of fully used LUT-FF pairs:    92  out of    191    48%  
   Number of unique control sets:         3

IO Utilization: 
 Number of IOs:                          29
 Number of bonded IOBs:                  29  out of    232    12%  

Specific Feature Utilization:
 Number of BUFG/BUFGCTRLs:                1  out of     16     6%  

---------------------------
Partition Resource Summary:
---------------------------

  No Partitions were found in this design.

---------------------------


=========================================================================
Timing Report

NOTE: THESE TIMING NUMBERS ARE ONLY A SYNTHESIS ESTIMATE.
      FOR ACCURATE TIMING INFORMATION PLEASE REFER TO THE TRACE REPORT
      GENERATED AFTER PLACE-and-ROUTE.

Clock Information:
------------------
-----------------------------------+------------------------+-------+
Clock Signal                       | Clock buffer(FF name)  | Load  |
-----------------------------------+------------------------+-------+
clk                                | BUFGP                  | 92    |
-----------------------------------+------------------------+-------+

Asynchronous Control Signals Information:
----------------------------------------
No asynchronous control signals found in this design

Timing Summary:
---------------
Speed Grade: -3

   Minimum period: 5.208ns (Maximum Frequency: 192.029MHz)
   Minimum input arrival time before clock: 3.312ns
   Maximum output required time after clock: 3.597ns
   Maximum combinational path delay: No path found

Timing Details:
---------------
All values displayed in nanoseconds (ns)

=========================================================================
Timing constraint: Default period analysis for Clock 'clk'
  Clock period: 5.208ns (frequency: 192.029MHz)
  Total number of paths / destination ports: 5417 / 147
-------------------------------------------------------------------------
Delay:               5.208ns (Levels of Logic = 3)
  Source:            internal_counter_0 (FF)
  Destination:       PIXEL_counter_0 (FF)
  Source Clock:      clk rising
  Destination Clock: clk rising

  Data Path: internal_counter_0 to PIXEL_counter_0
                                Gate     Net
    Cell:in->out      fanout   Delay   Delay  Logical Name (Net Name)
    ----------------------------------------  ------------
     FD:C->Q               3   0.447   0.995  internal_counter_0 (internal_counter_0)
     LUT5:I0->O            2   0.203   0.961  internal_counter[31]_GND_6_o_equal_13_o<31>15_SW0 (N17)
     LUT6:I1->O            1   0.203   0.580  internal_counter[31]_GND_6_o_equal_17_o<31>_1 (internal_counter[31]_GND_6_o_equal_17_o<31>)
     LUT3:I2->O           32   0.205   1.291  _n0075_inv1 (_n0075_inv)
     FDE:CE                    0.322          PIXEL_counter_0
    ----------------------------------------
    Total                      5.208ns (1.380ns logic, 3.828ns route)
                                       (26.5% logic, 73.5% route)

=========================================================================
Timing constraint: Default OFFSET IN BEFORE for Clock 'clk'
  Total number of paths / destination ports: 30 / 26
-------------------------------------------------------------------------
Offset:              3.312ns (Levels of Logic = 3)
  Source:            New_Pixel (PAD)
  Destination:       state_machine_next_FSM_FFd2 (FF)
  Destination Clock: clk rising

  Data Path: New_Pixel to state_machine_next_FSM_FFd2
                                Gate     Net
    Cell:in->out      fanout   Delay   Delay  Logical Name (Net Name)
    ----------------------------------------  ------------
     IBUF:I->O             3   1.222   0.755  New_Pixel_IBUF (New_Pixel_IBUF)
     LUT3:I1->O            1   0.203   0.827  state_machine_next_FSM_FFd2-In_SW0_SW0 (N14)
     LUT6:I2->O            1   0.203   0.000  state_machine_next_FSM_FFd2-In (state_machine_next_FSM_FFd2-In)
     FD:D                      0.102          state_machine_next_FSM_FFd2
    ----------------------------------------
    Total                      3.312ns (1.730ns logic, 1.582ns route)
                                       (52.2% logic, 47.8% route)

=========================================================================
Timing constraint: Default OFFSET OUT AFTER for Clock 'clk'
  Total number of paths / destination ports: 2 / 2
-------------------------------------------------------------------------
Offset:              3.597ns (Levels of Logic = 1)
  Source:            busy_signal (FF)
  Destination:       busy_signal (PAD)
  Source Clock:      clk rising

  Data Path: busy_signal to busy_signal
                                Gate     Net
    Cell:in->out      fanout   Delay   Delay  Logical Name (Net Name)
    ----------------------------------------  ------------
     FD:C->Q               1   0.447   0.579  busy_signal (busy_signal_OBUF)
     OBUF:I->O                 2.571          busy_signal_OBUF (busy_signal)
    ----------------------------------------
    Total                      3.597ns (3.018ns logic, 0.579ns route)
                                       (83.9% logic, 16.1% route)

=========================================================================

Cross Clock Domains Report:
--------------------------

Clock to Setup on destination clock clk
---------------+---------+---------+---------+---------+
               | Src:Rise| Src:Fall| Src:Rise| Src:Fall|
Source Clock   |Dest:Rise|Dest:Rise|Dest:Fall|Dest:Fall|
---------------+---------+---------+---------+---------+
clk            |    5.208|         |         |         |
---------------+---------+---------+---------+---------+

=========================================================================


Total REAL time to Xst completion: 7.00 secs
Total CPU time to Xst completion: 6.92 secs
 
--> 


Total memory usage is 127764 kilobytes

Number of errors   :    0 (   0 filtered)
Number of warnings :    0 (   0 filtered)
Number of infos    :    0 (   0 filtered)

