ISim log file
Running: /home/bee/ledDriver_LedStrip/Led_controller_tb_isim_beh.exe -intstyle ise -gui -tclbatch isim.cmd -wdb /home/bee/ledDriver_LedStrip/Led_controller_tb_isim_beh.wdb 
ISim P.20131013 (signature 0xfbc00daa)
This is a Full version of ISim.
Time resolution is 1 ps
# onerror resume
# wave add /
# run 1000 ns
Simulator is doing circuit initialization process.
Finished circuit initialization process.
# restart
# run 100.00us
Simulator is doing circuit initialization process.
Finished circuit initialization process.
# run all
Stopped at time : 718988 ns : File "/home/bee/ledDriver_LedStrip/Led_Controller.vhd" Line 140
ISim P.20131013 (signature 0xfbc00daa)
This is a Full version of ISim.
# run 1000 ns
Simulator is doing circuit initialization process.
Finished circuit initialization process.
# restart
# run 100.00us
Simulator is doing circuit initialization process.
Finished circuit initialization process.
# restart
# run 100.00us
Simulator is doing circuit initialization process.
Finished circuit initialization process.
ISim P.20131013 (signature 0xfbc00daa)
This is a Full version of ISim.
# run 1000 ns
Simulator is doing circuit initialization process.
Finished circuit initialization process.
# restart
# run 100.00us
Simulator is doing circuit initialization process.
Finished circuit initialization process.
