03:03:38.957 INFO  - Processing command line option -hwspec /home/bee/FinalProject/github/PhotoLite-Brite-X/edk/FinalAttempt/SDK/SDK_Export/hw/FinalProject.xml. 
04:06:19.108 INFO  - FPGA configured successfully with bitstream "/home/bee/FinalProject/github/PhotoLite-Brite-X/SDK/FinalAttempt_hw_platform/download.bit" 
04:10:52.105 INFO  - microblaze_0 Processor is in use. Please stop existing Run or Debug sessions before launching. 
04:11:08.201 ERROR - Unexpected error while launching program. java.lang.RuntimeException: 
	at com.xilinx.sdk.targetmanager.internal.TM.removeAllBreakpoints(Unknown Source)
	at com.xilinx.sdk.debug.core.internal.AppRunner.run(Unknown Source)

04:11:42.328 INFO  - microblaze_0 Processor is in use. Please stop existing Run or Debug sessions before launching. 
04:12:02.496 WARN  - Terminating existing sessions on processor microblaze_0 
04:12:08.205 INFO  - FPGA configured successfully with bitstream "/home/bee/FinalProject/github/PhotoLite-Brite-X/SDK/FinalAttempt_hw_platform/download.bit" 
04:12:38.746 INFO  - microblaze_0 Processor is in use. Please stop existing Run or Debug sessions before launching. 
04:12:44.812 INFO  - System reset is completed. 
04:12:46.140 ERROR - Unexpected error while launching program. java.lang.RuntimeException: Error creating session
	at com.xilinx.sdk.debug.core.XilinxAppLaunchConfigurationDelegate.debugApplication(Unknown Source)
	at com.xilinx.sdk.debug.core.XilinxAppLaunchConfigurationDelegate.launch(Unknown Source)

04:13:01.032 INFO  - System reset is completed. 
04:13:02.154 ERROR - Unexpected error while launching program. java.lang.RuntimeException: Error creating session
	at com.xilinx.sdk.debug.core.XilinxAppLaunchConfigurationDelegate.debugApplication(Unknown Source)
	at com.xilinx.sdk.debug.core.XilinxAppLaunchConfigurationDelegate.launch(Unknown Source)

04:13:34.422 INFO  - System reset is completed. 
04:13:35.550 ERROR - Unexpected error while launching program. java.lang.RuntimeException: Error creating session
	at com.xilinx.sdk.debug.core.XilinxAppLaunchConfigurationDelegate.debugApplication(Unknown Source)
	at com.xilinx.sdk.debug.core.XilinxAppLaunchConfigurationDelegate.launch(Unknown Source)

04:14:13.867 INFO  - System reset is completed. 
04:14:15.008 ERROR - Unexpected error while launching program. java.lang.RuntimeException: Error creating session
	at com.xilinx.sdk.debug.core.XilinxAppLaunchConfigurationDelegate.debugApplication(Unknown Source)
	at com.xilinx.sdk.debug.core.XilinxAppLaunchConfigurationDelegate.launch(Unknown Source)

04:14:57.567 INFO  - FPGA configured successfully with bitstream "/home/bee/FinalProject/github/PhotoLite-Brite-X/SDK/FinalAttempt_hw_platform/download.bit" 
04:28:43.040 INFO  - FPGA configured successfully with bitstream "/home/bee/FinalProject/github/PhotoLite-Brite-X/SDK/FinalAttempt_hw_platform/download.bit" 
04:30:16.199 INFO  - FPGA configured successfully with bitstream "/home/bee/FinalProject/github/PhotoLite-Brite-X/SDK/FinalAttempt_hw_platform/download.bit" 
04:30:38.762 INFO  - FPGA configured successfully with bitstream "/home/bee/FinalProject/github/PhotoLite-Brite-X/SDK/FinalAttempt_hw_platform/download.bit" 
04:32:12.532 INFO  - FPGA configured successfully with bitstream "/home/bee/FinalProject/github/PhotoLite-Brite-X/SDK/FinalAttempt_hw_platform/download.bit" 
04:44:54.446 INFO  - FPGA configured successfully with bitstream "/home/bee/FinalProject/github/PhotoLite-Brite-X/SDK/FinalAttempt_hw_platform/download.bit" 
04:45:20.873 INFO  - FPGA configured successfully with bitstream "/home/bee/FinalProject/github/PhotoLite-Brite-X/SDK/FinalAttempt_hw_platform/download.bit" 
04:46:09.997 INFO  - FPGA configured successfully with bitstream "/home/bee/FinalProject/github/PhotoLite-Brite-X/SDK/FinalAttempt_hw_platform/download.bit" 
04:47:47.484 INFO  - FPGA configured successfully with bitstream "/home/bee/FinalProject/github/PhotoLite-Brite-X/SDK/FinalAttempt_hw_platform/download.bit" 
04:55:05.762 INFO  - Updating .bit and .bmm files from XPS's export folder. 
04:55:07.313 INFO  - Copied contents of /home/bee/FinalProject/github/PhotoLite-Brite-X/edk/FinalAttempt/SDK/SDK_Export/hw/FinalProject.bit into /FinalAttempt_hw_platform/system.bit. 
04:55:07.315 INFO  - Copied contents of /home/bee/FinalProject/github/PhotoLite-Brite-X/edk/FinalAttempt/SDK/SDK_Export/hw/FinalProject_bd.bmm into /FinalAttempt_hw_platform/system_bd.bmm. 
05:05:30.965 INFO  - Updating .bit and .bmm files from XPS's export folder. 
05:05:32.117 INFO  - Copied contents of /home/bee/FinalProject/github/PhotoLite-Brite-X/edk/FinalAttempt/SDK/SDK_Export/hw/FinalProject.bit into /FinalAttempt_hw_platform/system.bit. 
05:05:32.119 INFO  - Copied contents of /home/bee/FinalProject/github/PhotoLite-Brite-X/edk/FinalAttempt/SDK/SDK_Export/hw/FinalProject_bd.bmm into /FinalAttempt_hw_platform/system_bd.bmm. 
05:14:12.043 INFO  - FPGA configured successfully with bitstream "/home/bee/FinalProject/github/PhotoLite-Brite-X/SDK/FinalAttempt_hw_platform/download.bit" 
05:14:43.166 INFO  - FPGA configured successfully with bitstream "/home/bee/FinalProject/github/PhotoLite-Brite-X/SDK/FinalAttempt_hw_platform/download.bit" 
05:15:06.617 INFO  - FPGA configured successfully with bitstream "/home/bee/FinalProject/github/PhotoLite-Brite-X/SDK/FinalAttempt_hw_platform/download.bit" 
05:15:33.088 INFO  - FPGA configured successfully with bitstream "/home/bee/FinalProject/github/PhotoLite-Brite-X/SDK/FinalAttempt_hw_platform/download.bit" 
05:16:13.547 INFO  - FPGA configured successfully with bitstream "/home/bee/FinalProject/github/PhotoLite-Brite-X/SDK/FinalAttempt_hw_platform/download.bit" 
05:33:32.273 INFO  - Updating .bit and .bmm files from XPS's export folder. 
05:33:39.471 INFO  - Copied contents of /home/bee/FinalProject/github/PhotoLite-Brite-X/edk/FinalAttempt/SDK/SDK_Export/hw/FinalProject.bit into /FinalAttempt_hw_platform/system.bit. 
05:33:39.473 INFO  - Copied contents of /home/bee/FinalProject/github/PhotoLite-Brite-X/edk/FinalAttempt/SDK/SDK_Export/hw/FinalProject_bd.bmm into /FinalAttempt_hw_platform/system_bd.bmm. 
05:54:29.758 INFO  - FPGA configured successfully with bitstream "/home/bee/FinalProject/github/PhotoLite-Brite-X/SDK/FinalAttempt_hw_platform/download.bit" 
