Xilinx Platform Studio (XPS)
Xilinx EDK 14.7 Build EDK_P.20131013
Copyright (c) 1995-2012 Xilinx, Inc.  All rights reserved.

Writing filter settings....
Done writing filter settings to:
	/home/bee/FinalProject/github/PhotoLite-Brite-X/edk/FirstAttempt/etc/system.filters
Done writing Tab View settings to:
	/home/bee/FinalProject/github/PhotoLite-Brite-X/edk/FirstAttempt/etc/system.gui
Assigned Driver generic 1.00.a for instance led_strip_driver_0
led_strip_driver_0 has been added to the project
WARNING:EDK:2137 - Peripheral led_strip_driver_0 is not accessible from any processor in the system. Check Bus Interface connections and address parameters. 
Address Map for Processor microblaze_0
  (0000000000-0x00001fff) microblaze_0_d_bram_ctrl	microblaze_0_dlmb
  (0000000000-0x00001fff) microblaze_0_i_bram_ctrl	microblaze_0_ilmb
  (0x40600000-0x4060ffff) RS232_Uart_1	axi4lite_0
  (0x41400000-0x4140ffff) debug_module	axi4lite_0
  (0x76e00000-0x76e0ffff) led_strip_driver_0	axi4lite_0
INFO:EDK - Use RS232_Uart_1 as reference
INFO:EDK - Connect bus interface S_AXI to axi4lite_0
INFO:EDK - Connect clock port S_AXI_ACLK to clk_100_0000MHz
INFO:EDK - External IO port grouping doneINFO:EDK - Generate address successfully
INFO:EDK - Successfully finished auto bus connection for IP instance: led_strip_driver_0
Overriding Xilinx file <TextEditor.cfg> with local file </opt/Xilinx/14.7/ISE_DS/EDK/data/TextEditor.cfg>
Writing filter settings....
Done writing filter settings to:
	/home/bee/FinalProject/github/PhotoLite-Brite-X/edk/FirstAttempt/etc/system.filters
Done writing Tab View settings to:
	/home/bee/FinalProject/github/PhotoLite-Brite-X/edk/FirstAttempt/etc/system.gui

********************************************************************************
At Local date and time: Mon Mar 21 17:15:04 2016
 make -f system.make bits started...
****************************************************
Creating system netlist for hardware specification..
****************************************************
platgen -p xc6slx16csg324-3 -lang vhdl -intstyle default -lp /home/bee/Nexys3_BSB_Support_v_2_8/Nexys3_AXI_BSB_Support/lib/   -msg __xps/ise/xmsgprops.lst system.mhs

Release 14.7 - platgen Xilinx EDK 14.7 Build EDK_P.20131013
 (lin)
Copyright (c) 1995-2013 Xilinx, Inc.  All rights reserved.


Command Line: platgen -p xc6slx16csg324-3 -lang vhdl -intstyle default -lp
/home/bee/Nexys3_BSB_Support_v_2_8/Nexys3_AXI_BSB_Support/lib/ -msg
__xps/ise/xmsgprops.lst system.mhs 

Parse
/home/bee/FinalProject/github/PhotoLite-Brite-X/edk/FirstAttempt/system.mhs ...

Read MPD definitions ...

Overriding IP level properties ...
INFO:EDK:4130 - IPNAME: microblaze, INSTANCE:microblaze_0 - tcl is overriding
   PARAMETER C_ENDIANNESS value to 1 -
   /opt/Xilinx/14.7/ISE_DS/EDK/hw/XilinxProcessorIPLib/pcores/microblaze_v8_50_c
   /data/microblaze_v2_1_0.mpd line 198 
INFO:EDK:4130 - IPNAME: microblaze, INSTANCE:microblaze_0 - tcl is overriding
   PARAMETER C_ICACHE_USE_FSL value to 0 -
   /opt/Xilinx/14.7/ISE_DS/EDK/hw/XilinxProcessorIPLib/pcores/microblaze_v8_50_c
   /data/microblaze_v2_1_0.mpd line 339 
INFO:EDK:4130 - IPNAME: microblaze, INSTANCE:microblaze_0 - tcl is overriding
   PARAMETER C_DCACHE_USE_FSL value to 0 -
   /opt/Xilinx/14.7/ISE_DS/EDK/hw/XilinxProcessorIPLib/pcores/microblaze_v8_50_c
   /data/microblaze_v2_1_0.mpd line 369 
INFO:EDK:4130 - IPNAME: axi_interconnect, INSTANCE:axi4lite_0 - tcl is
   overriding PARAMETER C_BASEFAMILY value to spartan6 -
   /opt/Xilinx/14.7/ISE_DS/EDK/hw/XilinxProcessorIPLib/pcores/axi_interconnect_v
   1_06_a/data/axi_interconnect_v2_1_0.mpd line 81 

Computing clock values...
INFO:EDK:740 - Cannot determine the input clock associated with port :
   microblaze_0_i_bram_ctrl:BRAM_Clk_A. Clock DRCs will not be performed on this
   core and cores connected to it. 
INFO:EDK:740 - Cannot determine the input clock associated with port :
   microblaze_0_d_bram_ctrl:BRAM_Clk_A. Clock DRCs will not be performed on this
   core and cores connected to it. 

Performing IP level DRCs on properties...

Running DRC Tcl procedures for OPTION IPLEVEL_DRC_PROC...
Address Map for Processor microblaze_0
  (0000000000-0x00001fff) microblaze_0_d_bram_ctrl	microblaze_0_dlmb
  (0000000000-0x00001fff) microblaze_0_i_bram_ctrl	microblaze_0_ilmb
  (0x40600000-0x4060ffff) RS232_Uart_1	axi4lite_0
  (0x41400000-0x4140ffff) debug_module	axi4lite_0
  (0x76e00000-0x76e0ffff) led_strip_driver_0	axi4lite_0
INFO:EDK:4130 - IPNAME: lmb_v10, INSTANCE:microblaze_0_ilmb - tool is overriding
   PARAMETER C_LMB_NUM_SLAVES value to 1 -
   /opt/Xilinx/14.7/ISE_DS/EDK/hw/XilinxProcessorIPLib/pcores/lmb_v10_v2_00_b/da
   ta/lmb_v10_v2_1_0.mpd line 82 
INFO:EDK:4130 - IPNAME: lmb_v10, INSTANCE:microblaze_0_dlmb - tool is overriding
   PARAMETER C_LMB_NUM_SLAVES value to 1 -
   /opt/Xilinx/14.7/ISE_DS/EDK/hw/XilinxProcessorIPLib/pcores/lmb_v10_v2_00_b/da
   ta/lmb_v10_v2_1_0.mpd line 82 
INFO:EDK:4130 - IPNAME: bram_block, INSTANCE:microblaze_0_bram_block - tool is
   overriding PARAMETER C_MEMSIZE value to 0x2000 -
   /opt/Xilinx/14.7/ISE_DS/EDK/hw/XilinxProcessorIPLib/pcores/bram_block_v1_00_a
   /data/bram_block_v2_1_0.mpd line 78 

Checking platform address map ...

Checking platform configuration ...
IPNAME: lmb_v10, INSTANCE: microblaze_0_ilmb - 1 master(s) : 1 slave(s) 
IPNAME: lmb_v10, INSTANCE: microblaze_0_dlmb - 1 master(s) : 1 slave(s) 
IPNAME: axi_interconnect, INSTANCE: axi4lite_0 - 1 master(s) : 3 slave(s) 

Checking port drivers...

Performing Clock DRCs...

Performing Reset DRCs...

Overriding system level properties...
INFO:EDK:4130 - IPNAME: lmb_bram_if_cntlr, INSTANCE:microblaze_0_i_bram_ctrl -
   tcl is overriding PARAMETER C_MASK value to 0x00400000 -
   /opt/Xilinx/14.7/ISE_DS/EDK/hw/XilinxProcessorIPLib/pcores/lmb_bram_if_cntlr_
   v3_10_c/data/lmb_bram_if_cntlr_v2_1_0.mpd line 92 
INFO:EDK:4130 - IPNAME: lmb_bram_if_cntlr, INSTANCE:microblaze_0_d_bram_ctrl -
   tcl is overriding PARAMETER C_MASK value to 0x00400000 -
   /opt/Xilinx/14.7/ISE_DS/EDK/hw/XilinxProcessorIPLib/pcores/lmb_bram_if_cntlr_
   v3_10_c/data/lmb_bram_if_cntlr_v2_1_0.mpd line 92 
INFO:EDK:4130 - IPNAME: microblaze, INSTANCE:microblaze_0 - tcl is overriding
   PARAMETER C_D_AXI value to 1 -
   /opt/Xilinx/14.7/ISE_DS/EDK/hw/XilinxProcessorIPLib/pcores/microblaze_v8_50_c
   /data/microblaze_v2_1_0.mpd line 232 
INFO:EDK:4130 - IPNAME: microblaze, INSTANCE:microblaze_0 - tcl is overriding
   PARAMETER C_ADDR_TAG_BITS value to 0 -
   /opt/Xilinx/14.7/ISE_DS/EDK/hw/XilinxProcessorIPLib/pcores/microblaze_v8_50_c
   /data/microblaze_v2_1_0.mpd line 337 
INFO:EDK:4130 - IPNAME: microblaze, INSTANCE:microblaze_0 - tcl is overriding
   PARAMETER C_DCACHE_ADDR_TAG value to 0 -
   /opt/Xilinx/14.7/ISE_DS/EDK/hw/XilinxProcessorIPLib/pcores/microblaze_v8_50_c
   /data/microblaze_v2_1_0.mpd line 367 
INFO:EDK:4130 - IPNAME: microblaze, INSTANCE:microblaze_0 - tcl is overriding
   PARAMETER C_USE_EXT_BRK value to 1 -
   /opt/Xilinx/14.7/ISE_DS/EDK/hw/XilinxProcessorIPLib/pcores/microblaze_v8_50_c
   /data/microblaze_v2_1_0.mpd line 402 
INFO:EDK:4130 - IPNAME: microblaze, INSTANCE:microblaze_0 - tcl is overriding
   PARAMETER C_USE_EXT_NM_BRK value to 1 -
   /opt/Xilinx/14.7/ISE_DS/EDK/hw/XilinxProcessorIPLib/pcores/microblaze_v8_50_c
   /data/microblaze_v2_1_0.mpd line 403 

INFO: Setting C_RANGE_CHECK = ON for axi_interconnect axi4lite_0.
INFO:EDK:4130 - IPNAME: axi_interconnect, INSTANCE:axi4lite_0 - tcl is
   overriding PARAMETER C_RANGE_CHECK value to 1 -
   /opt/Xilinx/14.7/ISE_DS/EDK/hw/XilinxProcessorIPLib/pcores/axi_interconnect_v
   1_06_a/data/axi_interconnect_v2_1_0.mpd line 149 

Running system level update procedures...

Running UPDATE Tcl procedures for OPTION SYSLEVEL_UPDATE_PROC...

Running system level DRCs...

Performing System level DRCs on properties...

Running DRC Tcl procedures for OPTION SYSLEVEL_DRC_PROC...

Running UPDATE Tcl procedures for OPTION PLATGEN_SYSLEVEL_UPDATE_PROC...
INFO: Setting timing constaints for microblaze_0_ilmb.
INFO: The microblaze_0_ilmb core has constraints automatically generated by XPS
in implementation/microblaze_0_ilmb_wrapper/microblaze_0_ilmb_wrapper.ucf.
It can be overridden by constraints placed in the system.ucf file.

INFO: Setting timing constaints for microblaze_0_dlmb.
INFO: The microblaze_0_dlmb core has constraints automatically generated by XPS
in implementation/microblaze_0_dlmb_wrapper/microblaze_0_dlmb_wrapper.ucf.
It can be overridden by constraints placed in the system.ucf file.

INFO: Setting timing constaints for microblaze_0.
INFO: The microblaze_0 core has constraints automatically generated by XPS in
implementation/microblaze_0_wrapper/microblaze_0_wrapper.ucf.
It can be overridden by constraints placed in the system.ucf file.

INFO: No asynchronous clock conversions in axi_interconnect axi4lite_0.

Modify defaults ...

Creating stub ...

Processing licensed instances ...
Completion time: 0.00 seconds

Creating hardware output directories ...

Managing hardware (BBD-specified) netlist files ...

Managing cache ...

Elaborating instances ...
IPNAME:bram_block INSTANCE:microblaze_0_bram_block -
/home/bee/FinalProject/github/PhotoLite-Brite-X/edk/FirstAttempt/system.mhs line
65 - elaborating IP
IPNAME:clock_generator INSTANCE:clock_generator_0 -
/home/bee/FinalProject/github/PhotoLite-Brite-X/edk/FirstAttempt/system.mhs line
108 - elaborating IP
ClkGen elaborate status: PASSED
----------------------------------------
----------------------------------------

Writing HDL for elaborated instances ...

Inserting wrapper level ...
Completion time: 1.00 seconds

Constructing platform-level connectivity ...
Completion time: 0.00 seconds

Writing (top-level) BMM ...

Writing (top-level and wrappers) HDL ...

Generating synthesis project file ...

Running XST synthesis ...

INFO:EDK:4211 - The following instances are synthesized with XST. The MPD option
   IMP_NETLIST=TRUE indicates that a NGC file is to be produced using XST
   synthesis. IMP_NETLIST=FALSE (default) instances are not synthesized. 
INSTANCE:proc_sys_reset_0 -
/home/bee/FinalProject/github/PhotoLite-Brite-X/edk/FirstAttempt/system.mhs line
20 - Running XST synthesis
PMSPEC -- Overriding Xilinx file
</opt/Xilinx/14.7/ISE_DS/EDK/spartan6/data/spartan6.acd> with local file
</opt/Xilinx/14.7/ISE_DS/ISE/spartan6/data/spartan6.acd>
INSTANCE:microblaze_0_ilmb -
/home/bee/FinalProject/github/PhotoLite-Brite-X/edk/FirstAttempt/system.mhs line
33 - Running XST synthesis
PMSPEC -- Overriding Xilinx file
</opt/Xilinx/14.7/ISE_DS/EDK/spartan6/data/spartan6.acd> with local file
</opt/Xilinx/14.7/ISE_DS/ISE/spartan6/data/spartan6.acd>
INSTANCE:microblaze_0_i_bram_ctrl -
/home/bee/FinalProject/github/PhotoLite-Brite-X/edk/FirstAttempt/system.mhs line
40 - Running XST synthesis
PMSPEC -- Overriding Xilinx file
</opt/Xilinx/14.7/ISE_DS/EDK/spartan6/data/spartan6.acd> with local file
</opt/Xilinx/14.7/ISE_DS/ISE/spartan6/data/spartan6.acd>
INSTANCE:microblaze_0_dlmb -
/home/bee/FinalProject/github/PhotoLite-Brite-X/edk/FirstAttempt/system.mhs line
49 - Running XST synthesis
PMSPEC -- Overriding Xilinx file
</opt/Xilinx/14.7/ISE_DS/EDK/spartan6/data/spartan6.acd> with local file
</opt/Xilinx/14.7/ISE_DS/ISE/spartan6/data/spartan6.acd>
INSTANCE:microblaze_0_d_bram_ctrl -
/home/bee/FinalProject/github/PhotoLite-Brite-X/edk/FirstAttempt/system.mhs line
56 - Running XST synthesis
PMSPEC -- Overriding Xilinx file
</opt/Xilinx/14.7/ISE_DS/EDK/spartan6/data/spartan6.acd> with local file
</opt/Xilinx/14.7/ISE_DS/ISE/spartan6/data/spartan6.acd>
INSTANCE:microblaze_0_bram_block -
/home/bee/FinalProject/github/PhotoLite-Brite-X/edk/FirstAttempt/system.mhs line
65 - Running XST synthesis
PMSPEC -- Overriding Xilinx file
</opt/Xilinx/14.7/ISE_DS/EDK/spartan6/data/spartan6.acd> with local file
</opt/Xilinx/14.7/ISE_DS/ISE/spartan6/data/spartan6.acd>
INSTANCE:microblaze_0 -
/home/bee/FinalProject/github/PhotoLite-Brite-X/edk/FirstAttempt/system.mhs line
72 - Running XST synthesis
PMSPEC -- Overriding Xilinx file
</opt/Xilinx/14.7/ISE_DS/EDK/spartan6/data/spartan6.acd> with local file
</opt/Xilinx/14.7/ISE_DS/ISE/spartan6/data/spartan6.acd>
INSTANCE:debug_module -
/home/bee/FinalProject/github/PhotoLite-Brite-X/edk/FirstAttempt/system.mhs line
95 - Running XST synthesis
PMSPEC -- Overriding Xilinx file
</opt/Xilinx/14.7/ISE_DS/EDK/spartan6/data/spartan6.acd> with local file
</opt/Xilinx/14.7/ISE_DS/ISE/spartan6/data/spartan6.acd>
INSTANCE:clock_generator_0 -
/home/bee/FinalProject/github/PhotoLite-Brite-X/edk/FirstAttempt/system.mhs line
108 - Running XST synthesis
PMSPEC -- Overriding Xilinx file
</opt/Xilinx/14.7/ISE_DS/EDK/spartan6/data/spartan6.acd> with local file
</opt/Xilinx/14.7/ISE_DS/ISE/spartan6/data/spartan6.acd>
INSTANCE:axi4lite_0 -
/home/bee/FinalProject/github/PhotoLite-Brite-X/edk/FirstAttempt/system.mhs line
120 - Running XST synthesis
PMSPEC -- Overriding Xilinx file
</opt/Xilinx/14.7/ISE_DS/EDK/spartan6/data/spartan6.acd> with local file
</opt/Xilinx/14.7/ISE_DS/ISE/spartan6/data/spartan6.acd>
INSTANCE:rs232_uart_1 -
/home/bee/FinalProject/github/PhotoLite-Brite-X/edk/FirstAttempt/system.mhs line
128 - Running XST synthesis
PMSPEC -- Overriding Xilinx file
</opt/Xilinx/14.7/ISE_DS/EDK/spartan6/data/spartan6.acd> with local file
</opt/Xilinx/14.7/ISE_DS/ISE/spartan6/data/spartan6.acd>
INSTANCE:led_strip_driver_0 -
/home/bee/FinalProject/github/PhotoLite-Brite-X/edk/FirstAttempt/system.mhs line
143 - Running XST synthesis
PMSPEC -- Overriding Xilinx file
</opt/Xilinx/14.7/ISE_DS/EDK/spartan6/data/spartan6.acd> with local file
</opt/Xilinx/14.7/ISE_DS/ISE/spartan6/data/spartan6.acd>

Running NGCBUILD ...
IPNAME:system_microblaze_0_ilmb_wrapper INSTANCE:microblaze_0_ilmb -
/home/bee/FinalProject/github/PhotoLite-Brite-X/edk/FirstAttempt/system.mhs line
33 - Running NGCBUILD
PMSPEC -- Overriding Xilinx file
</opt/Xilinx/14.7/ISE_DS/EDK/spartan6/data/spartan6.acd> with local file
</opt/Xilinx/14.7/ISE_DS/ISE/spartan6/data/spartan6.acd>

Command Line: /opt/Xilinx/14.7/ISE_DS/ISE/bin/lin/unwrapped/ngcbuild -p
xc6slx16csg324-3 -intstyle silent -i -sd .. system_microblaze_0_ilmb_wrapper.ngc
../system_microblaze_0_ilmb_wrapper

Reading NGO file
"/home/bee/FinalProject/github/PhotoLite-Brite-X/edk/FirstAttempt/implementation
/microblaze_0_ilmb_wrapper/system_microblaze_0_ilmb_wrapper.ngc" ...

Partition Implementation Status
-------------------------------

  No Partitions were found in this design.

-------------------------------

NGCBUILD Design Results Summary:
  Number of errors:     0
  Number of warnings:   0

Writing NGC file "../system_microblaze_0_ilmb_wrapper.ngc" ...
Total REAL time to NGCBUILD completion:  3 sec
Total CPU time to NGCBUILD completion:   3 sec

Writing NGCBUILD log file "../system_microblaze_0_ilmb_wrapper.blc"...

NGCBUILD done.
IPNAME:system_microblaze_0_dlmb_wrapper INSTANCE:microblaze_0_dlmb -
/home/bee/FinalProject/github/PhotoLite-Brite-X/edk/FirstAttempt/system.mhs line
49 - Running NGCBUILD
PMSPEC -- Overriding Xilinx file
</opt/Xilinx/14.7/ISE_DS/EDK/spartan6/data/spartan6.acd> with local file
</opt/Xilinx/14.7/ISE_DS/ISE/spartan6/data/spartan6.acd>

Command Line: /opt/Xilinx/14.7/ISE_DS/ISE/bin/lin/unwrapped/ngcbuild -p
xc6slx16csg324-3 -intstyle silent -i -sd .. system_microblaze_0_dlmb_wrapper.ngc
../system_microblaze_0_dlmb_wrapper

Reading NGO file
"/home/bee/FinalProject/github/PhotoLite-Brite-X/edk/FirstAttempt/implementation
/microblaze_0_dlmb_wrapper/system_microblaze_0_dlmb_wrapper.ngc" ...

Partition Implementation Status
-------------------------------

  No Partitions were found in this design.

-------------------------------

NGCBUILD Design Results Summary:
  Number of errors:     0
  Number of warnings:   0

Writing NGC file "../system_microblaze_0_dlmb_wrapper.ngc" ...
Total REAL time to NGCBUILD completion:  3 sec
Total CPU time to NGCBUILD completion:   2 sec

Writing NGCBUILD log file "../system_microblaze_0_dlmb_wrapper.blc"...

NGCBUILD done.
IPNAME:system_microblaze_0_wrapper INSTANCE:microblaze_0 -
/home/bee/FinalProject/github/PhotoLite-Brite-X/edk/FirstAttempt/system.mhs line
72 - Running NGCBUILD
PMSPEC -- Overriding Xilinx file
</opt/Xilinx/14.7/ISE_DS/EDK/spartan6/data/spartan6.acd> with local file
</opt/Xilinx/14.7/ISE_DS/ISE/spartan6/data/spartan6.acd>

Command Line: /opt/Xilinx/14.7/ISE_DS/ISE/bin/lin/unwrapped/ngcbuild -p
xc6slx16csg324-3 -intstyle silent -i -sd .. system_microblaze_0_wrapper.ngc
../system_microblaze_0_wrapper

Reading NGO file
"/home/bee/FinalProject/github/PhotoLite-Brite-X/edk/FirstAttempt/implementation
/microblaze_0_wrapper/system_microblaze_0_wrapper.ngc" ...

Partition Implementation Status
-------------------------------

  No Partitions were found in this design.

-------------------------------

NGCBUILD Design Results Summary:
  Number of errors:     0
  Number of warnings:   0

Writing NGC file "../system_microblaze_0_wrapper.ngc" ...
Total REAL time to NGCBUILD completion:  3 sec
Total CPU time to NGCBUILD completion:   3 sec

Writing NGCBUILD log file "../system_microblaze_0_wrapper.blc"...

NGCBUILD done.
IPNAME:system_clock_generator_0_wrapper INSTANCE:clock_generator_0 -
/home/bee/FinalProject/github/PhotoLite-Brite-X/edk/FirstAttempt/system.mhs line
108 - Running NGCBUILD
PMSPEC -- Overriding Xilinx file
</opt/Xilinx/14.7/ISE_DS/EDK/spartan6/data/spartan6.acd> with local file
</opt/Xilinx/14.7/ISE_DS/ISE/spartan6/data/spartan6.acd>

Command Line: /opt/Xilinx/14.7/ISE_DS/ISE/bin/lin/unwrapped/ngcbuild -p
xc6slx16csg324-3 -intstyle silent -i -sd .. system_clock_generator_0_wrapper.ngc
../system_clock_generator_0_wrapper

Reading NGO file
"/home/bee/FinalProject/github/PhotoLite-Brite-X/edk/FirstAttempt/implementation
/clock_generator_0_wrapper/system_clock_generator_0_wrapper.ngc" ...

Partition Implementation Status
-------------------------------

  No Partitions were found in this design.

-------------------------------

NGCBUILD Design Results Summary:
  Number of errors:     0
  Number of warnings:   0

Writing NGC file "../system_clock_generator_0_wrapper.ngc" ...
Total REAL time to NGCBUILD completion:  4 sec
Total CPU time to NGCBUILD completion:   3 sec

Writing NGCBUILD log file "../system_clock_generator_0_wrapper.blc"...

NGCBUILD done.
IPNAME:system_axi4lite_0_wrapper INSTANCE:axi4lite_0 -
/home/bee/FinalProject/github/PhotoLite-Brite-X/edk/FirstAttempt/system.mhs line
120 - Running NGCBUILD
PMSPEC -- Overriding Xilinx file
</opt/Xilinx/14.7/ISE_DS/EDK/spartan6/data/spartan6.acd> with local file
</opt/Xilinx/14.7/ISE_DS/ISE/spartan6/data/spartan6.acd>

Command Line: /opt/Xilinx/14.7/ISE_DS/ISE/bin/lin/unwrapped/ngcbuild -p
xc6slx16csg324-3 -intstyle silent -i -sd .. system_axi4lite_0_wrapper.ngc
../system_axi4lite_0_wrapper

Reading NGO file
"/home/bee/FinalProject/github/PhotoLite-Brite-X/edk/FirstAttempt/implementation
/axi4lite_0_wrapper/system_axi4lite_0_wrapper.ngc" ...

Partition Implementation Status
-------------------------------

  No Partitions were found in this design.

-------------------------------

NGCBUILD Design Results Summary:
  Number of errors:     0
  Number of warnings:   0

Writing NGC file "../system_axi4lite_0_wrapper.ngc" ...
Total REAL time to NGCBUILD completion:  3 sec
Total CPU time to NGCBUILD completion:   2 sec

Writing NGCBUILD log file "../system_axi4lite_0_wrapper.blc"...

NGCBUILD done.
INFO:EDK:3509 - NCF files should not be modified as they will be regenerated.
   If any constraint needs to be overridden, this should be done by modifying
   the data/system.ucf file.

Rebuilding cache ...

Total run time: 257.00 seconds
Running synthesis...
bash -c "cd synthesis; ./synthesis.sh"
xst -ifn system_xst.scr -intstyle silent
Running XST synthesis ...
PMSPEC -- Overriding Xilinx file
</opt/Xilinx/14.7/ISE_DS/EDK/spartan6/data/spartan6.acd> with local file
</opt/Xilinx/14.7/ISE_DS/ISE/spartan6/data/spartan6.acd>
XST completed
*********************************************
Running Xilinx Implementation tools..
*********************************************
xflow -wd implementation -p xc6slx16csg324-3 -implement xflow.opt system.ngc
Release 14.7 - Xflow P.20131013 (lin)
Copyright (c) 1995-2013 Xilinx, Inc.  All rights reserved.
xflow -wd implementation -p xc6slx16csg324-3 -implement xflow.opt system.ngc  
PMSPEC -- Overriding Xilinx file
</opt/Xilinx/14.7/ISE_DS/EDK/spartan6/data/spartan6.acd> with local file
</opt/Xilinx/14.7/ISE_DS/ISE/spartan6/data/spartan6.acd>
.... Copying flowfile /opt/Xilinx/14.7/ISE_DS/ISE/xilinx/data/fpga.flw into
working directory
/home/bee/FinalProject/github/PhotoLite-Brite-X/edk/FirstAttempt/implementation 

Using Flow File:
/home/bee/FinalProject/github/PhotoLite-Brite-X/edk/FirstAttempt/implementation/
fpga.flw 
Using Option File(s): 
 /home/bee/FinalProject/github/PhotoLite-Brite-X/edk/FirstAttempt/implementation
/xflow.opt 

Creating Script File ... 

#----------------------------------------------#
# Starting program ngdbuild
# ngdbuild -p xc6slx16csg324-3 -nt timestamp -bm system.bmm
"/home/bee/FinalProject/github/PhotoLite-Brite-X/edk/FirstAttempt/implementation
/system.ngc" -uc system.ucf system.ngd 
#----------------------------------------------#
Release 14.7 - ngdbuild P.20131013 (lin)
Copyright (c) 1995-2013 Xilinx, Inc.  All rights reserved.
PMSPEC -- Overriding Xilinx file
</opt/Xilinx/14.7/ISE_DS/EDK/spartan6/data/spartan6.acd> with local file
</opt/Xilinx/14.7/ISE_DS/ISE/spartan6/data/spartan6.acd>

Command Line: /opt/Xilinx/14.7/ISE_DS/ISE/bin/lin/unwrapped/ngdbuild -p
xc6slx16csg324-3 -nt timestamp -bm system.bmm
/home/bee/FinalProject/github/PhotoLite-Brite-X/edk/FirstAttempt/implementation/
system.ngc -uc system.ucf system.ngd

Reading NGO file
"/home/bee/FinalProject/github/PhotoLite-Brite-X/edk/FirstAttempt/implementation
/system.ngc" ...
Loading design module
"/home/bee/FinalProject/github/PhotoLite-Brite-X/edk/FirstAttempt/implementation
/system_rs232_uart_1_wrapper.ngc"...
Loading design module
"/home/bee/FinalProject/github/PhotoLite-Brite-X/edk/FirstAttempt/implementation
/system_proc_sys_reset_0_wrapper.ngc"...
Loading design module
"/home/bee/FinalProject/github/PhotoLite-Brite-X/edk/FirstAttempt/implementation
/system_clock_generator_0_wrapper.ngc"...
Loading design module
"/home/bee/FinalProject/github/PhotoLite-Brite-X/edk/FirstAttempt/implementation
/system_microblaze_0_ilmb_wrapper.ngc"...
Loading design module
"/home/bee/FinalProject/github/PhotoLite-Brite-X/edk/FirstAttempt/implementation
/system_microblaze_0_dlmb_wrapper.ngc"...
Loading design module
"/home/bee/FinalProject/github/PhotoLite-Brite-X/edk/FirstAttempt/implementation
/system_axi4lite_0_wrapper.ngc"...
Loading design module
"/home/bee/FinalProject/github/PhotoLite-Brite-X/edk/FirstAttempt/implementation
/system_microblaze_0_wrapper.ngc"...
Loading design module
"/home/bee/FinalProject/github/PhotoLite-Brite-X/edk/FirstAttempt/implementation
/system_microblaze_0_i_bram_ctrl_wrapper.ngc"...
Loading design module
"/home/bee/FinalProject/github/PhotoLite-Brite-X/edk/FirstAttempt/implementation
/system_microblaze_0_d_bram_ctrl_wrapper.ngc"...
Loading design module
"/home/bee/FinalProject/github/PhotoLite-Brite-X/edk/FirstAttempt/implementation
/system_debug_module_wrapper.ngc"...
Loading design module
"/home/bee/FinalProject/github/PhotoLite-Brite-X/edk/FirstAttempt/implementation
/system_led_strip_driver_0_wrapper.ngc"...
Loading design module
"/home/bee/FinalProject/github/PhotoLite-Brite-X/edk/FirstAttempt/implementation
/system_microblaze_0_bram_block_wrapper.ngc"...
Applying constraints in
"/home/bee/FinalProject/github/PhotoLite-Brite-X/edk/FirstAttempt/implementation
/system_microblaze_0_ilmb_wrapper.ncf" to module "microblaze_0_ilmb"...
Checking Constraint Associations...
Applying constraints in
"/home/bee/FinalProject/github/PhotoLite-Brite-X/edk/FirstAttempt/implementation
/system_microblaze_0_dlmb_wrapper.ncf" to module "microblaze_0_dlmb"...
Checking Constraint Associations...
Applying constraints in
"/home/bee/FinalProject/github/PhotoLite-Brite-X/edk/FirstAttempt/implementation
/system_axi4lite_0_wrapper.ncf" to module "axi4lite_0"...
Checking Constraint Associations...
Applying constraints in
"/home/bee/FinalProject/github/PhotoLite-Brite-X/edk/FirstAttempt/implementation
/system_microblaze_0_wrapper.ncf" to module "microblaze_0"...
Checking Constraint Associations...
Gathering constraint information from source properties...
Done.

Annotating constraints to design from ucf file "system.ucf" ...
Resolving constraint associations...
Checking Constraint Associations...
WARNING:ConstraintSystem:135 - Constraint <INST
   /system/EXPANDED/system/axi4lite_0/axi4lite_0\/si_converter_bank\/gen_conv_sl
   ot[0].clock_conv_inst\/interconnect_aresetn_resync<2>_inv1_INV_0 TNM =
   FFS:axi4lite_0_reset_resync>: No instances of type FFS were found under block
   "axi4lite_0/axi4lite_0/si_converter_bank/gen_conv_slot[0].clock_conv_inst/interconnect_aresetn_resync<2>_inv1_INV_0" (type=INV).

WARNING:ConstraintSystem:58 - Constraint <TIMEGRP axi4lite_0_reset_source = FFS
   PADS CPUS;>: CPUS "*" does not match any design objects.

ERROR:ConstraintSystem:59 - Constraint <NET "JA<0>"          LOC = "T12" |>
   [system.ucf(186)]: NET "JA<0>" not found.  Please verify that:
   1. The specified design element actually exists in the original design.
   2. The specified object is spelled correctly in the constraint source file.

WARNING:ConstraintSystem - A target design object for the Locate constraint
   '<NET "JA<0>"          LOC = "T12" |> [system.ucf(186)]' could not be found
   and so the Locate constraint will be removed.

ERROR:ConstraintSystem:59 - Constraint <IOSTANDARD = "LVCMOS33";>
   [system.ucf(186)]: NET "JA<0>" not found.  Please verify that:
   1. The specified design element actually exists in the original design.
   2. The specified object is spelled correctly in the constraint source file.

ERROR:ConstraintSystem:59 - Constraint <NET "JA<1>"          LOC = "V12" |>
   [system.ucf(187)]: NET "JA<1>" not found.  Please verify that:
   1. The specified design element actually exists in the original design.
   2. The specified object is spelled correctly in the constraint source file.

WARNING:ConstraintSystem - A target design object for the Locate constraint
   '<NET "JA<1>"          LOC = "V12" |> [system.ucf(187)]' could not be found
   and so the Locate constraint will be removed.

ERROR:ConstraintSystem:59 - Constraint <IOSTANDARD = "LVCMOS33";>
   [system.ucf(187)]: NET "JA<1>" not found.  Please verify that:
   1. The specified design element actually exists in the original design.
   2. The specified object is spelled correctly in the constraint source file.

ERROR:ConstraintSystem:59 - Constraint <NET "JA<2>"          LOC = "N10" |>
   [system.ucf(188)]: NET "JA<2>" not found.  Please verify that:
   1. The specified design element actually exists in the original design.
   2. The specified object is spelled correctly in the constraint source file.

WARNING:ConstraintSystem - A target design object for the Locate constraint
   '<NET "JA<2>"          LOC = "N10" |> [system.ucf(188)]' could not be found
   and so the Locate constraint will be removed.

ERROR:ConstraintSystem:59 - Constraint <IOSTANDARD = "LVCMOS33";>
   [system.ucf(188)]: NET "JA<2>" not found.  Please verify that:
   1. The specified design element actually exists in the original design.
   2. The specified object is spelled correctly in the constraint source file.

ERROR:ConstraintSystem:59 - Constraint <NET "JA<3>"          LOC = "P11" |>
   [system.ucf(189)]: NET "JA<3>" not found.  Please verify that:
   1. The specified design element actually exists in the original design.
   2. The specified object is spelled correctly in the constraint source file.

WARNING:ConstraintSystem - A target design object for the Locate constraint
   '<NET "JA<3>"          LOC = "P11" |> [system.ucf(189)]' could not be found
   and so the Locate constraint will be removed.

ERROR:ConstraintSystem:59 - Constraint <IOSTANDARD = "LVCMOS33";>
   [system.ucf(189)]: NET "JA<3>" not found.  Please verify that:
   1. The specified design element actually exists in the original design.
   2. The specified object is spelled correctly in the constraint source file.

ERROR:ConstraintSystem:59 - Constraint <NET "JA<4>"          LOC = "M10" |>
   [system.ucf(190)]: NET "JA<4>" not found.  Please verify that:
   1. The specified design element actually exists in the original design.
   2. The specified object is spelled correctly in the constraint source file.

WARNING:ConstraintSystem - A target design object for the Locate constraint
   '<NET "JA<4>"          LOC = "M10" |> [system.ucf(190)]' could not be found
   and so the Locate constraint will be removed.

ERROR:ConstraintSystem:59 - Constraint <IOSTANDARD = "LVCMOS33";>
   [system.ucf(190)]: NET "JA<4>" not found.  Please verify that:
   1. The specified design element actually exists in the original design.
   2. The specified object is spelled correctly in the constraint source file.

ERROR:ConstraintSystem:59 - Constraint <NET "JA<5>"          LOC = "N9"  |>
   [system.ucf(191)]: NET "JA<5>" not found.  Please verify that:
   1. The specified design element actually exists in the original design.
   2. The specified object is spelled correctly in the constraint source file.

WARNING:ConstraintSystem - A target design object for the Locate constraint
   '<NET "JA<5>"          LOC = "N9"  |> [system.ucf(191)]' could not be found
   and so the Locate constraint will be removed.

ERROR:ConstraintSystem:59 - Constraint <IOSTANDARD = "LVCMOS33";>
   [system.ucf(191)]: NET "JA<5>" not found.  Please verify that:
   1. The specified design element actually exists in the original design.
   2. The specified object is spelled correctly in the constraint source file.

ERROR:ConstraintSystem:59 - Constraint <NET "JA<6>"          LOC = "U11" |>
   [system.ucf(192)]: NET "JA<6>" not found.  Please verify that:
   1. The specified design element actually exists in the original design.
   2. The specified object is spelled correctly in the constraint source file.

WARNING:ConstraintSystem - A target design object for the Locate constraint
   '<NET "JA<6>"          LOC = "U11" |> [system.ucf(192)]' could not be found
   and so the Locate constraint will be removed.

ERROR:ConstraintSystem:59 - Constraint <IOSTANDARD = "LVCMOS33";>
   [system.ucf(192)]: NET "JA<6>" not found.  Please verify that:
   1. The specified design element actually exists in the original design.
   2. The specified object is spelled correctly in the constraint source file.

ERROR:ConstraintSystem:59 - Constraint <NET "JA<7>"          LOC = "V11" |>
   [system.ucf(193)]: NET "JA<7>" not found.  Please verify that:
   1. The specified design element actually exists in the original design.
   2. The specified object is spelled correctly in the constraint source file.

WARNING:ConstraintSystem - A target design object for the Locate constraint
   '<NET "JA<7>"          LOC = "V11" |> [system.ucf(193)]' could not be found
   and so the Locate constraint will be removed.

ERROR:ConstraintSystem:59 - Constraint <IOSTANDARD = "LVCMOS33";>
   [system.ucf(193)]: NET "JA<7>" not found.  Please verify that:
   1. The specified design element actually exists in the original design.
   2. The specified object is spelled correctly in the constraint source file.

WARNING:ConstraintSystem:194 - The TNM 'axi4lite_0_reset_resync', does not
   directly or indirectly drive any flip-flops, latches and/or RAMs and is not
   actively used by any referencing constraint.

INFO:ConstraintSystem:178 - TNM 'sys_clk_pin', used in period specification
   'TS_sys_clk_pin', was traced into PLL_ADV instance
   clock_generator_0/PLL0_INST/Using_PLL_ADV.PLL_ADV_inst. The following new TNM
   groups and period specifications were generated at the PLL_ADV output(s): 
   CLKOUT0: <TIMESPEC TS_clock_generator_0_clock_generator_0_SIG_PLL0_CLKOUT0 =
   PERIOD "clock_generator_0_clock_generator_0_SIG_PLL0_CLKOUT0" TS_sys_clk_pin
   HIGH 50%>

Done...

Processing BMM file "system.bmm" ...

Checking expanded design ...
WARNING:NgdBuild:443 - SFF primitive
   'microblaze_0/microblaze_0/MicroBlaze_Core_I/Performance.Decode_I/Using_FPGA.
   Gen_Bits[27].MEM_EX_Result_Inst' has unconnected output pin

Partition Implementation Status
-------------------------------

  No Partitions were found in this design.

-------------------------------

NGDBUILD Design Results Summary:
  Number of errors:    16
  Number of warnings:  12

Total REAL time to NGDBUILD completion: 1 min  10 sec
Total CPU time to NGDBUILD completion:   57 sec

One or more errors were found during NGDBUILD.  No NGD file will be written.

Writing NGDBUILD log file "system.bld"...
ERROR:Xflow - Program ngdbuild returned error code 2. Aborting flow execution...
make: *** [__xps/system_routed] Error 1
Done!
Writing filter settings....
Done writing filter settings to:
	/home/bee/FinalProject/github/PhotoLite-Brite-X/edk/FirstAttempt/etc/system.filters
Done writing Tab View settings to:
	/home/bee/FinalProject/github/PhotoLite-Brite-X/edk/FirstAttempt/etc/system.gui
