
****** PlanAhead v14.7
  **** Build 321239 by xbuild on Fri Sep 27 19:24:55 MDT 2013
    ** Copyright 1986-1999, 2001-2013 Xilinx, Inc. All Rights Reserved.

INFO: [Common 17-78] Attempting to get a license: PlanAhead
INFO: [Common 17-290] Got license for PlanAhead
INFO: [Device 21-36] Loading parts and site information from /opt/Xilinx/14.7/ISE_DS/PlanAhead/data/parts/arch.xml
Parsing RTL primitives file [/opt/Xilinx/14.7/ISE_DS/PlanAhead/data/parts/xilinx/rtl/prims/rtl_prims.xml]
Finished parsing RTL primitives file [/opt/Xilinx/14.7/ISE_DS/PlanAhead/data/parts/xilinx/rtl/prims/rtl_prims.xml]
start_gui
source /home/bee/FinalProject/github/PhotoLite-Brite-X/ise4/ledDriver_LedStrip/pa.fromHdl.tcl
# create_project -name ledDriver_LedStrip -dir "/home/bee/FinalProject/github/PhotoLite-Brite-X/ise4/ledDriver_LedStrip/planAhead_run_2" -part xc6slx16csg324-3
create_project: Time (s): cpu = 00:00:09 ; elapsed = 00:00:06 . Memory (MB): peak = 1029.543 ; gain = 23.145
# set_param project.pinAheadLayout yes
# set srcset [get_property srcset [current_run -impl]]
# set_property target_constrs_file "ledDriver_LedStrip_top.ucf" [current_fileset -constrset]
Adding file '/home/bee/FinalProject/github/PhotoLite-Brite-X/ise4/ledDriver_LedStrip/ledDriver_LedStrip_top.ucf' to fileset 'constrs_1'
# set hdlfile [add_files [list {ledDriver_LedStrip.vhd}]]
# set_property file_type VHDL $hdlfile
# set_property library work $hdlfile
# set hdlfile [add_files [list {ledDriver_LedStrip_top.vhd}]]
# set_property file_type VHDL $hdlfile
# set_property library work $hdlfile
# set_property top ledDriver_LedStrip_top $srcset
# add_files [list {ledDriver_LedStrip_top.ucf}] -fileset [get_property constrset [current_run]]
# open_rtl_design -part xc6slx16csg324-3
Using Verific elaboration
Parsing VHDL file "/opt/Xilinx/14.7/ISE_DS/PlanAhead/data/parts/xilinx/rtl/lib/synplify/synattr.vhd" into library synplify
Parsing VHDL file "/opt/Xilinx/14.7/ISE_DS/PlanAhead/data/parts/xilinx/rtl/lib/synplify/synattr.vhd" into library synplify
Parsing VHDL file "/home/bee/FinalProject/github/PhotoLite-Brite-X/ise4/ledDriver_LedStrip/ledDriver_LedStrip.vhd" into library work
Parsing VHDL file "/home/bee/FinalProject/github/PhotoLite-Brite-X/ise4/ledDriver_LedStrip/ledDriver_LedStrip_top.vhd" into library work
Loading clock regions from /opt/Xilinx/14.7/ISE_DS/PlanAhead/data/parts/xilinx/spartan6/spartan6lx/xc6slx16/ClockRegion.xml
Loading clock buffers from /opt/Xilinx/14.7/ISE_DS/PlanAhead/data/parts/xilinx/spartan6/spartan6lx/xc6slx16/ClockBuffers.xml
Loading package pin functions from /opt/Xilinx/14.7/ISE_DS/PlanAhead/data/parts/xilinx/spartan6/PinFunctions.xml...
Loading package from /opt/Xilinx/14.7/ISE_DS/PlanAhead/data/parts/xilinx/spartan6/spartan6lx/xc6slx16/csg324/Package.xml
Loading io standards from /opt/Xilinx/14.7/ISE_DS/PlanAhead/data/./parts/xilinx/spartan6/IOStandards.xml
Loading device configuration modes from /opt/Xilinx/14.7/ISE_DS/PlanAhead/data/parts/xilinx/spartan6/ConfigModes.xml
INFO: [Common 17-41] Interrupt caught. Command should exit soon.
Loading list of drcs for the architecture : /opt/Xilinx/14.7/ISE_DS/PlanAhead/data/./parts/xilinx/spartan6/drc.xml
open_rtl_design: Time (s): cpu = 00:00:16 ; elapsed = 00:00:29 . Memory (MB): peak = 1111.680 ; gain = 72.129
INFO: [Common 17-344] 'open_rtl_design' was cancelled
INFO: [Common 17-344] 'source' was cancelled
update_compile_order -fileset sim_1
exit
ERROR: [Common 17-39] 'stop_gui' failed due to earlier errors.
INFO: [Common 17-206] Exiting PlanAhead at Sat May 21 04:33:41 2016...
INFO: [Common 17-83] Releasing license: PlanAhead
